..\map-server_sql.ilk
..\map-server_sql.pdb
C:\USERS\KURO\DESKTOP\IDATHENA\MAP-SERVER_SQL.EXE
C:\USERS\KURO\DESKTOP\IDATHENA\MAP-SERVER_SQL.ILK
C:\USERS\KURO\DESKTOP\IDATHENA\MAP-SERVER_SQL.PDB
C:\Users\Kuro\Desktop\idathena\vcproj-10\..\map-server_sql.exe
C:\Users\Kuro\Desktop\idathena\vcproj-10\map-server_sql\Debug\atcommand.obj
C:\Users\Kuro\Desktop\idathena\vcproj-10\map-server_sql\Debug\battle.obj
C:\Users\Kuro\Desktop\idathena\vcproj-10\map-server_sql\Debug\battleground.obj
C:\Users\Kuro\Desktop\idathena\vcproj-10\map-server_sql\Debug\buyingstore.obj
C:\Users\Kuro\Desktop\idathena\vcproj-10\map-server_sql\Debug\chat.obj
C:\Users\Kuro\Desktop\idathena\vcproj-10\map-server_sql\Debug\chrif.obj
C:\Users\Kuro\Desktop\idathena\vcproj-10\map-server_sql\Debug\CL.4468.read.1.tlog
C:\Users\Kuro\Desktop\idathena\vcproj-10\map-server_sql\Debug\CL.4468.write.1.tlog
C:\Users\Kuro\Desktop\idathena\vcproj-10\map-server_sql\Debug\CL.5584.read.1.tlog
C:\Users\Kuro\Desktop\idathena\vcproj-10\map-server_sql\Debug\CL.5584.write.1.tlog
C:\Users\Kuro\Desktop\idathena\vcproj-10\map-server_sql\Debug\CL.6668.read.1.tlog
C:\Users\Kuro\Desktop\idathena\vcproj-10\map-server_sql\Debug\CL.6668.write.1.tlog
C:\Users\Kuro\Desktop\idathena\vcproj-10\map-server_sql\Debug\CL.7160.read.1.tlog
C:\Users\Kuro\Desktop\idathena\vcproj-10\map-server_sql\Debug\CL.7160.write.1.tlog
C:\Users\Kuro\Desktop\idathena\vcproj-10\map-server_sql\Debug\cl.command.1.tlog
C:\Users\Kuro\Desktop\idathena\vcproj-10\map-server_sql\Debug\CL.read.1.tlog
C:\Users\Kuro\Desktop\idathena\vcproj-10\map-server_sql\Debug\cl.write.1.tlog
C:\Users\Kuro\Desktop\idathena\vcproj-10\map-server_sql\Debug\clif.obj
C:\Users\Kuro\Desktop\idathena\vcproj-10\map-server_sql\Debug\conf.obj
C:\Users\Kuro\Desktop\idathena\vcproj-10\map-server_sql\Debug\core.obj
C:\Users\Kuro\Desktop\idathena\vcproj-10\map-server_sql\Debug\date.obj
C:\Users\Kuro\Desktop\idathena\vcproj-10\map-server_sql\Debug\db.obj
C:\Users\Kuro\Desktop\idathena\vcproj-10\map-server_sql\Debug\des.obj
C:\Users\Kuro\Desktop\idathena\vcproj-10\map-server_sql\Debug\duel.obj
C:\Users\Kuro\Desktop\idathena\vcproj-10\map-server_sql\Debug\elemental.obj
C:\Users\Kuro\Desktop\idathena\vcproj-10\map-server_sql\Debug\ers.obj
C:\Users\Kuro\Desktop\idathena\vcproj-10\map-server_sql\Debug\grammar.obj
C:\Users\Kuro\Desktop\idathena\vcproj-10\map-server_sql\Debug\grfio.obj
C:\Users\Kuro\Desktop\idathena\vcproj-10\map-server_sql\Debug\guild.obj
C:\Users\Kuro\Desktop\idathena\vcproj-10\map-server_sql\Debug\homunculus.obj
C:\Users\Kuro\Desktop\idathena\vcproj-10\map-server_sql\Debug\instance.obj
C:\Users\Kuro\Desktop\idathena\vcproj-10\map-server_sql\Debug\intif.obj
C:\Users\Kuro\Desktop\idathena\vcproj-10\map-server_sql\Debug\itemdb.obj
C:\Users\Kuro\Desktop\idathena\vcproj-10\map-server_sql\Debug\libconfig.obj
C:\Users\Kuro\Desktop\idathena\vcproj-10\map-server_sql\Debug\link.3940.read.1.tlog
C:\Users\Kuro\Desktop\idathena\vcproj-10\map-server_sql\Debug\link.3940.write.1.tlog
C:\Users\Kuro\Desktop\idathena\vcproj-10\map-server_sql\Debug\link.3940-cvtres.read.1.tlog
C:\Users\Kuro\Desktop\idathena\vcproj-10\map-server_sql\Debug\link.3940-cvtres.write.1.tlog
C:\Users\Kuro\Desktop\idathena\vcproj-10\map-server_sql\Debug\link.command.1.tlog
C:\Users\Kuro\Desktop\idathena\vcproj-10\map-server_sql\Debug\link.read.1.tlog
C:\Users\Kuro\Desktop\idathena\vcproj-10\map-server_sql\Debug\link.write.1.tlog
C:\Users\Kuro\Desktop\idathena\vcproj-10\map-server_sql\Debug\link-cvtres.read.1.tlog
C:\Users\Kuro\Desktop\idathena\vcproj-10\map-server_sql\Debug\link-cvtres.write.1.tlog
C:\Users\Kuro\Desktop\idathena\vcproj-10\map-server_sql\Debug\log.obj
C:\Users\Kuro\Desktop\idathena\vcproj-10\map-server_sql\Debug\mail.obj
C:\Users\Kuro\Desktop\idathena\vcproj-10\map-server_sql\Debug\malloc.obj
C:\Users\Kuro\Desktop\idathena\vcproj-10\map-server_sql\Debug\map.obj
C:\Users\Kuro\Desktop\idathena\vcproj-10\map-server_sql\Debug\mapindex.obj
C:\Users\Kuro\Desktop\idathena\vcproj-10\map-server_sql\Debug\mapreg_sql.obj
C:\USERS\KURO\DESKTOP\IDATHENA\VCPROJ-10\MAP-SERVER_SQL\DEBUG\MAP-SERVER_SQL.EXE.EMBED.MANIFEST
C:\USERS\KURO\DESKTOP\IDATHENA\VCPROJ-10\MAP-SERVER_SQL\DEBUG\MAP-SERVER_SQL.EXE.EMBED.MANIFEST.RES
C:\USERS\KURO\DESKTOP\IDATHENA\VCPROJ-10\MAP-SERVER_SQL\DEBUG\MAP-SERVER_SQL.EXE.INTERMEDIATE.MANIFEST
C:\Users\Kuro\Desktop\idathena\vcproj-10\map-server_sql\Debug\map-server_sql_manifest.rc
C:\Users\Kuro\Desktop\idathena\vcproj-10\map-server_sql\Debug\md5calc.obj
C:\Users\Kuro\Desktop\idathena\vcproj-10\map-server_sql\Debug\mempool.obj
C:\Users\Kuro\Desktop\idathena\vcproj-10\map-server_sql\Debug\mercenary.obj
C:\Users\Kuro\Desktop\idathena\vcproj-10\map-server_sql\Debug\mob.obj
C:\Users\Kuro\Desktop\idathena\vcproj-10\map-server_sql\Debug\mt.command.1.tlog
C:\Users\Kuro\Desktop\idathena\vcproj-10\map-server_sql\Debug\mt.read.1.tlog
C:\Users\Kuro\Desktop\idathena\vcproj-10\map-server_sql\Debug\mt.write.1.tlog
C:\Users\Kuro\Desktop\idathena\vcproj-10\map-server_sql\Debug\mt19937ar.obj
C:\Users\Kuro\Desktop\idathena\vcproj-10\map-server_sql\Debug\mutex.obj
C:\Users\Kuro\Desktop\idathena\vcproj-10\map-server_sql\Debug\npc.obj
C:\Users\Kuro\Desktop\idathena\vcproj-10\map-server_sql\Debug\npc_chat.obj
C:\Users\Kuro\Desktop\idathena\vcproj-10\map-server_sql\Debug\nullpo.obj
C:\Users\Kuro\Desktop\idathena\vcproj-10\map-server_sql\Debug\party.obj
C:\Users\Kuro\Desktop\idathena\vcproj-10\map-server_sql\Debug\path.obj
C:\Users\Kuro\Desktop\idathena\vcproj-10\map-server_sql\Debug\pc.obj
C:\Users\Kuro\Desktop\idathena\vcproj-10\map-server_sql\Debug\pc_groups.obj
C:\Users\Kuro\Desktop\idathena\vcproj-10\map-server_sql\Debug\pet.obj
C:\Users\Kuro\Desktop\idathena\vcproj-10\map-server_sql\Debug\quest.obj
C:\Users\Kuro\Desktop\idathena\vcproj-10\map-server_sql\Debug\raconf.obj
C:\Users\Kuro\Desktop\idathena\vcproj-10\map-server_sql\Debug\random.obj
C:\Users\Kuro\Desktop\idathena\vcproj-10\map-server_sql\Debug\rc.command.1.tlog
C:\Users\Kuro\Desktop\idathena\vcproj-10\map-server_sql\Debug\rc.read.1.tlog
C:\Users\Kuro\Desktop\idathena\vcproj-10\map-server_sql\Debug\rc.write.1.tlog
C:\Users\Kuro\Desktop\idathena\vcproj-10\map-server_sql\Debug\scanctx.obj
C:\Users\Kuro\Desktop\idathena\vcproj-10\map-server_sql\Debug\scanner.obj
C:\Users\Kuro\Desktop\idathena\vcproj-10\map-server_sql\Debug\script.obj
C:\Users\Kuro\Desktop\idathena\vcproj-10\map-server_sql\Debug\searchstore.obj
C:\Users\Kuro\Desktop\idathena\vcproj-10\map-server_sql\Debug\showmsg.obj
C:\Users\Kuro\Desktop\idathena\vcproj-10\map-server_sql\Debug\skill.obj
C:\Users\Kuro\Desktop\idathena\vcproj-10\map-server_sql\Debug\socket.obj
C:\Users\Kuro\Desktop\idathena\vcproj-10\map-server_sql\Debug\sql.obj
C:\Users\Kuro\Desktop\idathena\vcproj-10\map-server_sql\Debug\status.obj
C:\Users\Kuro\Desktop\idathena\vcproj-10\map-server_sql\Debug\storage.obj
C:\Users\Kuro\Desktop\idathena\vcproj-10\map-server_sql\Debug\strbuf.obj
C:\Users\Kuro\Desktop\idathena\vcproj-10\map-server_sql\Debug\strlib.obj
C:\Users\Kuro\Desktop\idathena\vcproj-10\map-server_sql\Debug\thread.obj
C:\Users\Kuro\Desktop\idathena\vcproj-10\map-server_sql\Debug\timer.obj
C:\Users\Kuro\Desktop\idathena\vcproj-10\map-server_sql\Debug\trade.obj
C:\Users\Kuro\Desktop\idathena\vcproj-10\map-server_sql\Debug\unit.obj
C:\Users\Kuro\Desktop\idathena\vcproj-10\map-server_sql\Debug\utils.obj
C:\Users\Kuro\Desktop\idathena\vcproj-10\map-server_sql\Debug\vc100.idb
C:\USERS\KURO\DESKTOP\IDATHENA\VCPROJ-10\MAP-SERVER_SQL\DEBUG\VC100.PDB
C:\Users\Kuro\Desktop\idathena\vcproj-10\map-server_sql\Debug\vending.obj
