..\login-server_sql.ilk
..\login-server_sql.pdb
C:\USERS\KURO\DESKTOP\IDATHENA\LOGIN-SERVER_SQL.EXE
C:\USERS\KURO\DESKTOP\IDATHENA\LOGIN-SERVER_SQL.ILK
C:\USERS\KURO\DESKTOP\IDATHENA\LOGIN-SERVER_SQL.PDB
C:\Users\Kuro\Desktop\idathena\vcproj-10\..\login-server_sql.exe
C:\Users\Kuro\Desktop\idathena\vcproj-10\login-server_sql\Debug\account_sql.obj
C:\Users\Kuro\Desktop\idathena\vcproj-10\login-server_sql\Debug\CL.4484.read.1.tlog
C:\Users\Kuro\Desktop\idathena\vcproj-10\login-server_sql\Debug\CL.4484.write.1.tlog
C:\Users\Kuro\Desktop\idathena\vcproj-10\login-server_sql\Debug\CL.5472.read.1.tlog
C:\Users\Kuro\Desktop\idathena\vcproj-10\login-server_sql\Debug\CL.5472.write.1.tlog
C:\Users\Kuro\Desktop\idathena\vcproj-10\login-server_sql\Debug\CL.6740.read.1.tlog
C:\Users\Kuro\Desktop\idathena\vcproj-10\login-server_sql\Debug\CL.6740.write.1.tlog
C:\Users\Kuro\Desktop\idathena\vcproj-10\login-server_sql\Debug\CL.7116.read.1.tlog
C:\Users\Kuro\Desktop\idathena\vcproj-10\login-server_sql\Debug\CL.7116.write.1.tlog
C:\Users\Kuro\Desktop\idathena\vcproj-10\login-server_sql\Debug\cl.command.1.tlog
C:\Users\Kuro\Desktop\idathena\vcproj-10\login-server_sql\Debug\CL.read.1.tlog
C:\Users\Kuro\Desktop\idathena\vcproj-10\login-server_sql\Debug\cl.write.1.tlog
C:\Users\Kuro\Desktop\idathena\vcproj-10\login-server_sql\Debug\core.obj
C:\Users\Kuro\Desktop\idathena\vcproj-10\login-server_sql\Debug\db.obj
C:\Users\Kuro\Desktop\idathena\vcproj-10\login-server_sql\Debug\ers.obj
C:\Users\Kuro\Desktop\idathena\vcproj-10\login-server_sql\Debug\grammar.obj
C:\Users\Kuro\Desktop\idathena\vcproj-10\login-server_sql\Debug\ipban_sql.obj
C:\Users\Kuro\Desktop\idathena\vcproj-10\login-server_sql\Debug\libconfig.obj
C:\Users\Kuro\Desktop\idathena\vcproj-10\login-server_sql\Debug\link.5924.read.1.tlog
C:\Users\Kuro\Desktop\idathena\vcproj-10\login-server_sql\Debug\link.5924.write.1.tlog
C:\Users\Kuro\Desktop\idathena\vcproj-10\login-server_sql\Debug\link.5924-cvtres.read.1.tlog
C:\Users\Kuro\Desktop\idathena\vcproj-10\login-server_sql\Debug\link.5924-cvtres.write.1.tlog
C:\Users\Kuro\Desktop\idathena\vcproj-10\login-server_sql\Debug\link.command.1.tlog
C:\Users\Kuro\Desktop\idathena\vcproj-10\login-server_sql\Debug\link.read.1.tlog
C:\Users\Kuro\Desktop\idathena\vcproj-10\login-server_sql\Debug\link.write.1.tlog
C:\Users\Kuro\Desktop\idathena\vcproj-10\login-server_sql\Debug\link-cvtres.read.1.tlog
C:\Users\Kuro\Desktop\idathena\vcproj-10\login-server_sql\Debug\link-cvtres.write.1.tlog
C:\Users\Kuro\Desktop\idathena\vcproj-10\login-server_sql\Debug\login.obj
C:\Users\Kuro\Desktop\idathena\vcproj-10\login-server_sql\Debug\loginlog_sql.obj
C:\USERS\KURO\DESKTOP\IDATHENA\VCPROJ-10\LOGIN-SERVER_SQL\DEBUG\LOGIN-SERVER_SQL.EXE.EMBED.MANIFEST
C:\USERS\KURO\DESKTOP\IDATHENA\VCPROJ-10\LOGIN-SERVER_SQL\DEBUG\LOGIN-SERVER_SQL.EXE.EMBED.MANIFEST.RES
C:\USERS\KURO\DESKTOP\IDATHENA\VCPROJ-10\LOGIN-SERVER_SQL\DEBUG\LOGIN-SERVER_SQL.EXE.INTERMEDIATE.MANIFEST
C:\Users\Kuro\Desktop\idathena\vcproj-10\login-server_sql\Debug\login-server_sql_manifest.rc
C:\Users\Kuro\Desktop\idathena\vcproj-10\login-server_sql\Debug\malloc.obj
C:\Users\Kuro\Desktop\idathena\vcproj-10\login-server_sql\Debug\md5calc.obj
C:\Users\Kuro\Desktop\idathena\vcproj-10\login-server_sql\Debug\mempool.obj
C:\Users\Kuro\Desktop\idathena\vcproj-10\login-server_sql\Debug\mt.command.1.tlog
C:\Users\Kuro\Desktop\idathena\vcproj-10\login-server_sql\Debug\mt.read.1.tlog
C:\Users\Kuro\Desktop\idathena\vcproj-10\login-server_sql\Debug\mt.write.1.tlog
C:\Users\Kuro\Desktop\idathena\vcproj-10\login-server_sql\Debug\mt19937ar.obj
C:\Users\Kuro\Desktop\idathena\vcproj-10\login-server_sql\Debug\mutex.obj
C:\Users\Kuro\Desktop\idathena\vcproj-10\login-server_sql\Debug\nullpo.obj
C:\Users\Kuro\Desktop\idathena\vcproj-10\login-server_sql\Debug\raconf.obj
C:\Users\Kuro\Desktop\idathena\vcproj-10\login-server_sql\Debug\random.obj
C:\Users\Kuro\Desktop\idathena\vcproj-10\login-server_sql\Debug\rc.command.1.tlog
C:\Users\Kuro\Desktop\idathena\vcproj-10\login-server_sql\Debug\rc.read.1.tlog
C:\Users\Kuro\Desktop\idathena\vcproj-10\login-server_sql\Debug\rc.write.1.tlog
C:\Users\Kuro\Desktop\idathena\vcproj-10\login-server_sql\Debug\scanctx.obj
C:\Users\Kuro\Desktop\idathena\vcproj-10\login-server_sql\Debug\scanner.obj
C:\Users\Kuro\Desktop\idathena\vcproj-10\login-server_sql\Debug\showmsg.obj
C:\Users\Kuro\Desktop\idathena\vcproj-10\login-server_sql\Debug\socket.obj
C:\Users\Kuro\Desktop\idathena\vcproj-10\login-server_sql\Debug\sql.obj
C:\Users\Kuro\Desktop\idathena\vcproj-10\login-server_sql\Debug\strbuf.obj
C:\Users\Kuro\Desktop\idathena\vcproj-10\login-server_sql\Debug\strlib.obj
C:\Users\Kuro\Desktop\idathena\vcproj-10\login-server_sql\Debug\thread.obj
C:\Users\Kuro\Desktop\idathena\vcproj-10\login-server_sql\Debug\timer.obj
C:\Users\Kuro\Desktop\idathena\vcproj-10\login-server_sql\Debug\utils.obj
C:\Users\Kuro\Desktop\idathena\vcproj-10\login-server_sql\Debug\vc100.idb
C:\USERS\KURO\DESKTOP\IDATHENA\VCPROJ-10\LOGIN-SERVER_SQL\DEBUG\VC100.PDB
