..\mapcache.ilk
..\mapcache.pdb
C:\USERS\KURO\DESKTOP\IDATHENA\MAPCACHE.EXE
C:\USERS\KURO\DESKTOP\IDATHENA\MAPCACHE.ILK
C:\USERS\KURO\DESKTOP\IDATHENA\MAPCACHE.PDB
C:\Users\Kuro\Desktop\idathena\vcproj-10\..\mapcache.exe
C:\Users\Kuro\Desktop\idathena\vcproj-10\mapcache\Debug\CL.2616.read.1.tlog
C:\Users\Kuro\Desktop\idathena\vcproj-10\mapcache\Debug\CL.2616.write.1.tlog
C:\Users\Kuro\Desktop\idathena\vcproj-10\mapcache\Debug\CL.5336.read.1.tlog
C:\Users\Kuro\Desktop\idathena\vcproj-10\mapcache\Debug\CL.5336.write.1.tlog
C:\Users\Kuro\Desktop\idathena\vcproj-10\mapcache\Debug\CL.6000.read.1.tlog
C:\Users\Kuro\Desktop\idathena\vcproj-10\mapcache\Debug\CL.6000.write.1.tlog
C:\Users\Kuro\Desktop\idathena\vcproj-10\mapcache\Debug\CL.7332.read.1.tlog
C:\Users\Kuro\Desktop\idathena\vcproj-10\mapcache\Debug\CL.7332.write.1.tlog
C:\Users\Kuro\Desktop\idathena\vcproj-10\mapcache\Debug\cl.command.1.tlog
C:\Users\Kuro\Desktop\idathena\vcproj-10\mapcache\Debug\CL.read.1.tlog
C:\Users\Kuro\Desktop\idathena\vcproj-10\mapcache\Debug\cl.write.1.tlog
C:\Users\Kuro\Desktop\idathena\vcproj-10\mapcache\Debug\core.obj
C:\Users\Kuro\Desktop\idathena\vcproj-10\mapcache\Debug\des.obj
C:\Users\Kuro\Desktop\idathena\vcproj-10\mapcache\Debug\grfio.obj
C:\Users\Kuro\Desktop\idathena\vcproj-10\mapcache\Debug\link.6400.read.1.tlog
C:\Users\Kuro\Desktop\idathena\vcproj-10\mapcache\Debug\link.6400.write.1.tlog
C:\Users\Kuro\Desktop\idathena\vcproj-10\mapcache\Debug\link.6400-cvtres.read.1.tlog
C:\Users\Kuro\Desktop\idathena\vcproj-10\mapcache\Debug\link.6400-cvtres.write.1.tlog
C:\Users\Kuro\Desktop\idathena\vcproj-10\mapcache\Debug\link.command.1.tlog
C:\Users\Kuro\Desktop\idathena\vcproj-10\mapcache\Debug\link.read.1.tlog
C:\Users\Kuro\Desktop\idathena\vcproj-10\mapcache\Debug\link.write.1.tlog
C:\Users\Kuro\Desktop\idathena\vcproj-10\mapcache\Debug\link-cvtres.read.1.tlog
C:\Users\Kuro\Desktop\idathena\vcproj-10\mapcache\Debug\link-cvtres.write.1.tlog
C:\Users\Kuro\Desktop\idathena\vcproj-10\mapcache\Debug\malloc.obj
C:\USERS\KURO\DESKTOP\IDATHENA\VCPROJ-10\MAPCACHE\DEBUG\MAPCACHE.EXE.EMBED.MANIFEST
C:\USERS\KURO\DESKTOP\IDATHENA\VCPROJ-10\MAPCACHE\DEBUG\MAPCACHE.EXE.EMBED.MANIFEST.RES
C:\USERS\KURO\DESKTOP\IDATHENA\VCPROJ-10\MAPCACHE\DEBUG\MAPCACHE.EXE.INTERMEDIATE.MANIFEST
C:\Users\Kuro\Desktop\idathena\vcproj-10\mapcache\Debug\mapcache.obj
C:\Users\Kuro\Desktop\idathena\vcproj-10\mapcache\Debug\mapcache_manifest.rc
C:\Users\Kuro\Desktop\idathena\vcproj-10\mapcache\Debug\mt.command.1.tlog
C:\Users\Kuro\Desktop\idathena\vcproj-10\mapcache\Debug\mt.read.1.tlog
C:\Users\Kuro\Desktop\idathena\vcproj-10\mapcache\Debug\mt.write.1.tlog
C:\Users\Kuro\Desktop\idathena\vcproj-10\mapcache\Debug\rc.command.1.tlog
C:\Users\Kuro\Desktop\idathena\vcproj-10\mapcache\Debug\rc.read.1.tlog
C:\Users\Kuro\Desktop\idathena\vcproj-10\mapcache\Debug\rc.write.1.tlog
C:\Users\Kuro\Desktop\idathena\vcproj-10\mapcache\Debug\showmsg.obj
C:\Users\Kuro\Desktop\idathena\vcproj-10\mapcache\Debug\strlib.obj
C:\Users\Kuro\Desktop\idathena\vcproj-10\mapcache\Debug\utils.obj
C:\Users\Kuro\Desktop\idathena\vcproj-10\mapcache\Debug\vc100.idb
C:\USERS\KURO\DESKTOP\IDATHENA\VCPROJ-10\MAPCACHE\DEBUG\VC100.PDB
