..\char-server_sql.ilk
..\char-server_sql.pdb
C:\USERS\KURO\DESKTOP\IDATHENA\CHAR-SERVER_SQL.EXE
C:\USERS\KURO\DESKTOP\IDATHENA\CHAR-SERVER_SQL.ILK
C:\USERS\KURO\DESKTOP\IDATHENA\CHAR-SERVER_SQL.PDB
C:\Users\Kuro\Desktop\idathena\vcproj-10\..\char-server_sql.exe
C:\Users\Kuro\Desktop\idathena\vcproj-10\char-server_sql\Debug\char.obj
C:\USERS\KURO\DESKTOP\IDATHENA\VCPROJ-10\CHAR-SERVER_SQL\DEBUG\CHAR-SERVER_SQL.EXE.EMBED.MANIFEST
C:\USERS\KURO\DESKTOP\IDATHENA\VCPROJ-10\CHAR-SERVER_SQL\DEBUG\CHAR-SERVER_SQL.EXE.EMBED.MANIFEST.RES
C:\USERS\KURO\DESKTOP\IDATHENA\VCPROJ-10\CHAR-SERVER_SQL\DEBUG\CHAR-SERVER_SQL.EXE.INTERMEDIATE.MANIFEST
C:\Users\Kuro\Desktop\idathena\vcproj-10\char-server_sql\Debug\char-server_sql_manifest.rc
C:\Users\Kuro\Desktop\idathena\vcproj-10\char-server_sql\Debug\CL.4200.read.1.tlog
C:\Users\Kuro\Desktop\idathena\vcproj-10\char-server_sql\Debug\CL.4200.write.1.tlog
C:\Users\Kuro\Desktop\idathena\vcproj-10\char-server_sql\Debug\CL.5080.read.1.tlog
C:\Users\Kuro\Desktop\idathena\vcproj-10\char-server_sql\Debug\CL.5080.write.1.tlog
C:\Users\Kuro\Desktop\idathena\vcproj-10\char-server_sql\Debug\CL.5376.read.1.tlog
C:\Users\Kuro\Desktop\idathena\vcproj-10\char-server_sql\Debug\CL.5376.write.1.tlog
C:\Users\Kuro\Desktop\idathena\vcproj-10\char-server_sql\Debug\CL.5484.read.1.tlog
C:\Users\Kuro\Desktop\idathena\vcproj-10\char-server_sql\Debug\CL.5484.write.1.tlog
C:\Users\Kuro\Desktop\idathena\vcproj-10\char-server_sql\Debug\cl.command.1.tlog
C:\Users\Kuro\Desktop\idathena\vcproj-10\char-server_sql\Debug\CL.read.1.tlog
C:\Users\Kuro\Desktop\idathena\vcproj-10\char-server_sql\Debug\cl.write.1.tlog
C:\Users\Kuro\Desktop\idathena\vcproj-10\char-server_sql\Debug\core.obj
C:\Users\Kuro\Desktop\idathena\vcproj-10\char-server_sql\Debug\db.obj
C:\Users\Kuro\Desktop\idathena\vcproj-10\char-server_sql\Debug\ers.obj
C:\Users\Kuro\Desktop\idathena\vcproj-10\char-server_sql\Debug\grammar.obj
C:\Users\Kuro\Desktop\idathena\vcproj-10\char-server_sql\Debug\int_auction.obj
C:\Users\Kuro\Desktop\idathena\vcproj-10\char-server_sql\Debug\int_elemental.obj
C:\Users\Kuro\Desktop\idathena\vcproj-10\char-server_sql\Debug\int_guild.obj
C:\Users\Kuro\Desktop\idathena\vcproj-10\char-server_sql\Debug\int_homun.obj
C:\Users\Kuro\Desktop\idathena\vcproj-10\char-server_sql\Debug\int_mail.obj
C:\Users\Kuro\Desktop\idathena\vcproj-10\char-server_sql\Debug\int_mercenary.obj
C:\Users\Kuro\Desktop\idathena\vcproj-10\char-server_sql\Debug\int_party.obj
C:\Users\Kuro\Desktop\idathena\vcproj-10\char-server_sql\Debug\int_pet.obj
C:\Users\Kuro\Desktop\idathena\vcproj-10\char-server_sql\Debug\int_quest.obj
C:\Users\Kuro\Desktop\idathena\vcproj-10\char-server_sql\Debug\int_storage.obj
C:\Users\Kuro\Desktop\idathena\vcproj-10\char-server_sql\Debug\inter.obj
C:\Users\Kuro\Desktop\idathena\vcproj-10\char-server_sql\Debug\libconfig.obj
C:\Users\Kuro\Desktop\idathena\vcproj-10\char-server_sql\Debug\link.4964.read.1.tlog
C:\Users\Kuro\Desktop\idathena\vcproj-10\char-server_sql\Debug\link.4964.write.1.tlog
C:\Users\Kuro\Desktop\idathena\vcproj-10\char-server_sql\Debug\link.4964-cvtres.read.1.tlog
C:\Users\Kuro\Desktop\idathena\vcproj-10\char-server_sql\Debug\link.4964-cvtres.write.1.tlog
C:\Users\Kuro\Desktop\idathena\vcproj-10\char-server_sql\Debug\link.command.1.tlog
C:\Users\Kuro\Desktop\idathena\vcproj-10\char-server_sql\Debug\link.read.1.tlog
C:\Users\Kuro\Desktop\idathena\vcproj-10\char-server_sql\Debug\link.write.1.tlog
C:\Users\Kuro\Desktop\idathena\vcproj-10\char-server_sql\Debug\link-cvtres.read.1.tlog
C:\Users\Kuro\Desktop\idathena\vcproj-10\char-server_sql\Debug\link-cvtres.write.1.tlog
C:\Users\Kuro\Desktop\idathena\vcproj-10\char-server_sql\Debug\malloc.obj
C:\Users\Kuro\Desktop\idathena\vcproj-10\char-server_sql\Debug\mapindex.obj
C:\Users\Kuro\Desktop\idathena\vcproj-10\char-server_sql\Debug\mempool.obj
C:\Users\Kuro\Desktop\idathena\vcproj-10\char-server_sql\Debug\mt.command.1.tlog
C:\Users\Kuro\Desktop\idathena\vcproj-10\char-server_sql\Debug\mt.read.1.tlog
C:\Users\Kuro\Desktop\idathena\vcproj-10\char-server_sql\Debug\mt.write.1.tlog
C:\Users\Kuro\Desktop\idathena\vcproj-10\char-server_sql\Debug\mt19937ar.obj
C:\Users\Kuro\Desktop\idathena\vcproj-10\char-server_sql\Debug\mutex.obj
C:\Users\Kuro\Desktop\idathena\vcproj-10\char-server_sql\Debug\nullpo.obj
C:\Users\Kuro\Desktop\idathena\vcproj-10\char-server_sql\Debug\raconf.obj
C:\Users\Kuro\Desktop\idathena\vcproj-10\char-server_sql\Debug\random.obj
C:\Users\Kuro\Desktop\idathena\vcproj-10\char-server_sql\Debug\rc.command.1.tlog
C:\Users\Kuro\Desktop\idathena\vcproj-10\char-server_sql\Debug\rc.read.1.tlog
C:\Users\Kuro\Desktop\idathena\vcproj-10\char-server_sql\Debug\rc.write.1.tlog
C:\Users\Kuro\Desktop\idathena\vcproj-10\char-server_sql\Debug\scanctx.obj
C:\Users\Kuro\Desktop\idathena\vcproj-10\char-server_sql\Debug\scanner.obj
C:\Users\Kuro\Desktop\idathena\vcproj-10\char-server_sql\Debug\showmsg.obj
C:\Users\Kuro\Desktop\idathena\vcproj-10\char-server_sql\Debug\socket.obj
C:\Users\Kuro\Desktop\idathena\vcproj-10\char-server_sql\Debug\sql.obj
C:\Users\Kuro\Desktop\idathena\vcproj-10\char-server_sql\Debug\strbuf.obj
C:\Users\Kuro\Desktop\idathena\vcproj-10\char-server_sql\Debug\strlib.obj
C:\Users\Kuro\Desktop\idathena\vcproj-10\char-server_sql\Debug\thread.obj
C:\Users\Kuro\Desktop\idathena\vcproj-10\char-server_sql\Debug\timer.obj
C:\Users\Kuro\Desktop\idathena\vcproj-10\char-server_sql\Debug\utils.obj
C:\Users\Kuro\Desktop\idathena\vcproj-10\char-server_sql\Debug\vc100.idb
C:\USERS\KURO\DESKTOP\IDATHENA\VCPROJ-10\CHAR-SERVER_SQL\DEBUG\VC100.PDB
